<?xml version="1.0" encoding="UTF-8"?>
<!-- Generated by org.testng.reporters.JUnitReportReporter -->
<testsuite ignored="0" hostname="DESKTOP-CKBL5PE" failures="0" tests="1" name="org.testing.testscripts.testcase4" time="0.056" errors="0" timestamp="24 Aug 2023 11:52:25 GMT" skipped="0">
  <testcase classname="org.testing.testscripts.testcase4" name="tc4" time="0.056"/>
</testsuite> <!-- org.testing.testscripts.testcase4 -->
