<?xml version="1.0" encoding="UTF-8"?>
<!-- Generated by org.testng.reporters.JUnitReportReporter -->
<testsuite ignored="0" hostname="DESKTOP-CKBL5PE" failures="0" tests="1" name="org.testing.testscripts.testcase2" time="3.067" errors="0" timestamp="24 Aug 2023 12:48:09 GMT" skipped="0">
  <testcase classname="org.testing.testscripts.testcase2" name="tc2" time="3.067"/>
</testsuite> <!-- org.testing.testscripts.testcase2 -->
